<?xml version="1.0" encoding="UTF-8"?>
<!-- Generated by org.testng.reporters.JUnitXMLReporter -->
<testsuite hostname="VAIO" name="Test" tests="4" failures="2" timestamp="10 May 2017 10:54:06 GMT" time="0.184" errors="0">
  <testcase name="method1" time="0.055" classname="com.cpsbank.screenshots.Listner">
    <failure type="java.lang.AssertionError" message="expected [true] but found [false]">
      <![CDATA[java.lang.AssertionError: expected [true] but found [false]
	at com.cpsbank.screenshots.Listner.method1(Listner.java:11)
... Removed 28 stack frames]]>
    </failure>
  </testcase> <!-- method1 -->
  <testcase name="method2" time="0.007" classname="com.cpsbank.screenshots.Listner"/>
  <testcase name="method3" time="0.007" classname="com.cpsbank.screenshots.Listner"/>
  <testcase name="method4" time="0.005" classname="com.cpsbank.screenshots.Listner">
    <failure type="java.lang.AssertionError" message="expected [true] but found [false]">
      <![CDATA[java.lang.AssertionError: expected [true] but found [false]
	at com.cpsbank.screenshots.Listner.method4(Listner.java:26)
... Removed 28 stack frames]]>
    </failure>
  </testcase> <!-- method4 -->
</testsuite> <!-- Test -->
