<?xml version="1.0" encoding="UTF-8"?>
<!-- Generated by org.testng.reporters.JUnitXMLReporter -->
<testsuite hostname="VAIO" ignored="0" name="Test" tests="4" failures="1" timestamp="15 May 2017 03:32:58 GMT" time="20.843" errors="0">
  <testcase name="login" time="1.656" classname="com.nareshmaven.example.Testng"/>
  <testcase name="customerLogin" time="2.119" classname="com.nareshmaven.example.Testng"/>
  <testcase name="changePassword" time="1.865" classname="com.nareshmaven.example.Testng"/>
  <testcase name="Transfer" time="0.608" classname="com.nareshmaven.example.Testng">
    <failure type="java.lang.AssertionError" message="expected [4] but found [4]">
      <![CDATA[java.lang.AssertionError: expected [4] but found [4]
	at com.nareshmaven.example.Testng.Transfer(Testng.java:80)
... Removed 39 stack frames]]>
    </failure>
  </testcase> <!-- Transfer -->
</testsuite> <!-- Test -->
