<?xml version="1.0" encoding="UTF-8" ?>
<testsuite tests="4" failures="1" name="TestSuite" time="6.253" errors="0" skipped="0">
  <properties>
[...]
</properties>
  <testcase classname="com.nareshmaven.example.Testng" name="login" time="1.661"/>
  <testcase classname="com.nareshmaven.example.Testng" name="customerLogin" time="2.113"/>
  <testcase classname="com.nareshmaven.example.Testng" name="changePassword" time="1.865"/>
  <testcase classname="com.nareshmaven.example.Testng" name="Transfer" time="0.614">
    <failure message="expected [4] but found [4]" type="java.lang.AssertionError">java.lang.AssertionError: expected [4] but found [4]
	at org.testng.Assert.fail(Assert.java:93)
	at org.testng.Assert.failNotEquals(Assert.java:512)
	at org.testng.Assert.assertEqualsImpl(Assert.java:134)
	at org.testng.Assert.assertEquals(Assert.java:115)
	at org.testng.Assert.assertEquals(Assert.java:178)
	at com.nareshmaven.example.Testng.Transfer(Testng.java:80)
</failure>
    <system-out>failed test cases areTransfer
</system-out>
  </testcase>
</testsuite>